IQ-TREE multicore version 2.1.4-beta COVID-edition for Linux 64-bit built Jun 24 2021
Developed by Bui Quang Minh, James Barbetti, Nguyen Lam Tung,
Olga Chernomor, Heiko Schmidt, Dominik Schrempf, Michael Woodhams.

Host:    fritzen.sars.no (SSE4.2, 1009 GB RAM)
Command: iqtree2 -s binary_mat.phy -T 5 -bb 1000
Seed:    285693 (Using SPRNG - Scalable Parallel Random Number Generator)
Time:    Tue Feb  8 07:15:56 2022
Kernel:  SSE2 - 5 threads (32 CPU cores detected)

Reading alignment file binary_mat.phy ... Phylip format detected
Alignment most likely contains binary sequences
Alignment has 43 sequences with 27583 columns, 9494 distinct patterns
14660 parsimony-informative, 12918 singleton sites, 5 constant sites
                            Gap/Ambiguity  Composition  p-value
   1  Anopheles_stephensi           0.00%    failed      0.00%
   2  Ascaris_suum                  0.00%    passed     91.08%
   3  Blattella_germanica           0.00%    failed      3.91%
   4  Bombyx_mori                   0.00%    failed      0.00%
   5  Bos_taurus                    0.00%    failed      0.00%
   6  Branchiostoma_lanceolatum     0.00%    failed      0.00%
   7  Caenorhabditis_angaria        0.00%    failed      0.00%
   8  Caenorhabditis_elegans        0.00%    failed      1.15%
   9  Capra_hircus                  0.00%    failed      0.00%
  10  Ciona_intestinalis            0.00%    failed      0.00%
  11  Crassostrea_gigas             0.00%    failed      0.00%
  12  Danio_rerio                   0.00%    failed      0.00%
  13  Drosophila_ananassae          0.00%    failed      0.00%
  14  Drosophila_erecta             0.00%    failed      0.00%
  15  Drosophila_melanogaster       0.00%    failed      0.00%
  16  Drosophila_mojavensis         0.00%    failed      0.00%
  17  Drosophila_persimilis         0.00%    failed      0.00%
  18  Drosophila_simulans           0.00%    failed      0.00%
  19  Drosophila_virilis            0.00%    failed      0.00%
  20  Drosophila_willistoni         0.00%    failed      0.00%
  21  Drosophila_yakuba             0.00%    failed      0.00%
  22  Gallus_gallus                 0.00%    failed      0.00%
  23  Heliocidaris_erythrogramma    0.00%    failed      0.00%
  24  Heliocidaris_tuberculata      0.00%    failed      0.00%
  25  Homo_sapiens                  0.00%    failed      0.00%
  26  Hypsibius_dujardini           0.00%    failed      0.00%
  27  Lytechinus_variegatus         0.00%    failed      0.00%
  28  Macaca_mulatta                0.00%    failed      0.00%
  29  Mesocentrotus_franciscanus    0.00%    failed      0.00%
  30  Mnemiopsis_leidyi             0.00%    failed      0.00%
  31  Montipora_capitata            0.00%    failed      0.00%
  32  Mus_musculus                  0.00%    failed      0.00%
  33  Nematostella_vectensis        0.00%    failed      0.00%
  34  Paracentrotus_lividus         0.00%    failed      0.00%
  35  Patiria_miniata               0.00%    failed      0.00%
  36  Platynereis_dumerilii         0.00%    failed      0.00%
  37  Priapulus_caudatus            0.00%    failed      0.00%
  38  Steinernema_carpocapsae       0.00%    failed      0.00%
  39  Steinernema_feltiae           0.00%    failed      0.00%
  40  Sus_scrofa                    0.00%    failed      0.00%
  41  Terebratalia_transversa       0.00%    failed      0.00%
  42  Tribolium_castaneum           0.00%    failed      0.00%
  43  Xenopus_tropicalis            0.00%    failed      0.00%
****  TOTAL                         0.00%  42 sequences failed composition chi2 test (p-value<5%; df=1)

Creating fast initial parsimony tree by random order stepwise addition...
0.063 seconds, parsimony score: 77580 (based on 27578 sites)
Perform fast likelihood tree search using GTR2+I+G model...
Estimate model parameters (epsilon = 5.000)
Perform nearest neighbor interchange...
Estimate model parameters (epsilon = 1.000)
1. Initial log-likelihood: -288525.028
2. Current log-likelihood: -288510.105
3. Current log-likelihood: -288507.428
Optimal log-likelihood: -288507.293
State frequencies:  0: 0.897  1: 0.103
Proportion of invariable sites: 0.000
Gamma shape alpha: 7.422
Parameters optimization took 3 rounds (1.137 sec)
Time for fast ML tree search: 5.984 seconds

NOTE: ModelFinder requires 106 MB RAM!
ModelFinder will test up to 26 binary models (sample size: 27583) ...
 No. Model         -LnL         df  AIC          AICc         BIC
  1  GTR2+FO       289517.789   84  579203.577   579204.096   579894.473
  2  GTR2+FO+I     289487.783   85  579145.565   579146.097   579844.687
  3  GTR2+FO+G4    288515.752   85  577201.504   577202.035   577900.625
  4  GTR2+FO+I+G4  288507.268   86  577186.536   577187.081   577893.883
  5  GTR2+FO+R2    288520.027   86  577212.053   577212.597   577919.399
  6  GTR2+FO+R3    288472.185   88  577120.370   577120.940   577844.166
  7  GTR2+FO+R4    288468.748   90  577117.496   577118.092   577857.742
 19  JC2+FQ+R3     316792.005   87  633758.009   633758.566   634473.580
Akaike Information Criterion:           GTR2+FO+R4
Corrected Akaike Information Criterion: GTR2+FO+R4
Bayesian Information Criterion:         GTR2+FO+R3
Best-fit model: GTR2+FO+R3 chosen according to BIC

All model information printed to binary_mat.phy.model.gz
CPU time for ModelFinder: 316.664 seconds (0h:5m:16s)
Wall-clock time for ModelFinder: 70.887 seconds (0h:1m:10s)
Generating 1000 samples for ultrafast bootstrap (seed: 285693)...

NOTE: 57 MB RAM (0 GB) is required!
Estimate model parameters (epsilon = 0.100)
1. Initial log-likelihood: -288472.185
Optimal log-likelihood: -288472.085
State frequencies:  0: 0.896  1: 0.104
Site proportion and rates:  (0.202,0.570) (0.589,0.901) (0.210,1.689)
Parameters optimization took 1 rounds (0.553 sec)
Computing ML distances based on estimated model parameters...
Computing ML distances took 0.015194 sec (of wall-clock time) 0.069990 sec(of CPU time)
Computing RapidNJ tree took 0.015550 sec (of wall-clock time) 0.023997 sec (of CPU time)
Log-likelihood of RapidNJ tree: -289897.661
--------------------------------------------------------------------
|             INITIALIZING CANDIDATE TREE SET                      |
--------------------------------------------------------------------
Generating 98 parsimony trees... 0.991 second
Computing log-likelihood of 98 initial trees ... 6.155 seconds
Current best score: -288472.085

Do NNI search on 20 best initial trees
Estimate model parameters (epsilon = 0.100)
BETTER TREE FOUND at iteration 1: -288471.996
Estimate model parameters (epsilon = 0.100)
BETTER TREE FOUND at iteration 2: -288453.278
UPDATE BEST LOG-LIKELIHOOD: -288453.270
Iteration 10 / LogL: -288471.849 / Time: 0h:0m:39s
UPDATE BEST LOG-LIKELIHOOD: -288453.269
Iteration 20 / LogL: -288557.707 / Time: 0h:1m:11s
Finish initializing candidate tree set (7)
Current best tree score: -288453.269 / CPU time: 69.301
Number of iterations: 20
--------------------------------------------------------------------
|               OPTIMIZING CANDIDATE TREE SET                      |
--------------------------------------------------------------------
Estimate model parameters (epsilon = 0.100)
BETTER TREE FOUND at iteration 21: -288439.494
BETTER TREE FOUND at iteration 26: -288439.490
Iteration 30 / LogL: -288447.739 / Time: 0h:1m:29s (0h:4m:56s left)
UPDATE BEST LOG-LIKELIHOOD: -288439.489
Iteration 40 / LogL: -288453.554 / Time: 0h:1m:47s (0h:3m:56s left)
Iteration 50 / LogL: -288439.510 / Time: 0h:2m:4s (0h:3m:13s left)
Log-likelihood cutoff on original alignment: -288501.397
UPDATE BEST LOG-LIKELIHOOD: -288439.489
Iteration 60 / LogL: -288442.430 / Time: 0h:2m:18s (0h:2m:35s left)
Iteration 70 / LogL: -288439.489 / Time: 0h:2m:36s (0h:2m:6s left)
Iteration 80 / LogL: -288442.323 / Time: 0h:2m:52s (0h:1m:40s left)
Iteration 90 / LogL: -288463.786 / Time: 0h:3m:8s (0h:1m:16s left)
Iteration 100 / LogL: -288451.884 / Time: 0h:3m:26s (0h:0m:54s left)
Log-likelihood cutoff on original alignment: -288500.542
NOTE: Bootstrap correlation coefficient of split occurrence frequencies: 0.999
UPDATE BEST LOG-LIKELIHOOD: -288439.489
Iteration 110 / LogL: -288450.567 / Time: 0h:3m:45s (0h:3m:6s left)
Iteration 120 / LogL: -288451.535 / Time: 0h:4m:3s (0h:2m:43s left)
TREE SEARCH COMPLETED AFTER 127 ITERATIONS / Time: 0h:4m:14s

--------------------------------------------------------------------
|                    FINALIZING TREE SEARCH                        |
--------------------------------------------------------------------
Performs final model parameters optimization
Estimate model parameters (epsilon = 0.010)
1. Initial log-likelihood: -288439.489
2. Current log-likelihood: -288439.435
3. Current log-likelihood: -288439.380
4. Current log-likelihood: -288439.332
5. Current log-likelihood: -288439.281
6. Current log-likelihood: -288439.237
7. Current log-likelihood: -288439.190
8. Current log-likelihood: -288439.153
9. Current log-likelihood: -288439.111
10. Current log-likelihood: -288439.073
11. Current log-likelihood: -288439.038
12. Current log-likelihood: -288439.000
13. Current log-likelihood: -288438.970
14. Current log-likelihood: -288438.936
15. Current log-likelihood: -288438.909
16. Current log-likelihood: -288438.880
17. Current log-likelihood: -288438.847
18. Current log-likelihood: -288438.824
19. Current log-likelihood: -288438.794
20. Current log-likelihood: -288438.771
21. Current log-likelihood: -288438.746
22. Current log-likelihood: -288438.725
23. Current log-likelihood: -288438.702
24. Current log-likelihood: -288438.678
25. Current log-likelihood: -288438.660
26. Current log-likelihood: -288438.634
27. Current log-likelihood: -288438.615
28. Current log-likelihood: -288438.596
29. Current log-likelihood: -288438.581
30. Current log-likelihood: -288438.557
31. Current log-likelihood: -288438.540
32. Current log-likelihood: -288438.522
33. Current log-likelihood: -288438.508
34. Current log-likelihood: -288438.489
35. Current log-likelihood: -288438.470
36. Current log-likelihood: -288438.456
37. Current log-likelihood: -288438.438
38. Current log-likelihood: -288438.420
39. Current log-likelihood: -288438.406
40. Current log-likelihood: -288438.390
41. Current log-likelihood: -288438.378
42. Current log-likelihood: -288438.361
43. Current log-likelihood: -288438.346
44. Current log-likelihood: -288438.329
45. Current log-likelihood: -288438.318
46. Current log-likelihood: -288438.298
47. Current log-likelihood: -288438.283
48. Current log-likelihood: -288438.270
49. Current log-likelihood: -288438.259
50. Current log-likelihood: -288438.240
51. Current log-likelihood: -288438.225
52. Current log-likelihood: -288438.213
53. Current log-likelihood: -288438.198
54. Current log-likelihood: -288438.187
55. Current log-likelihood: -288438.176
56. Current log-likelihood: -288438.157
57. Current log-likelihood: -288438.143
58. Current log-likelihood: -288438.131
59. Current log-likelihood: -288438.120
60. Current log-likelihood: -288438.105
61. Current log-likelihood: -288438.095
62. Current log-likelihood: -288438.084
63. Current log-likelihood: -288438.069
64. Current log-likelihood: -288438.055
65. Current log-likelihood: -288438.041
66. Current log-likelihood: -288438.030
67. Current log-likelihood: -288438.019
68. Current log-likelihood: -288438.006
69. Current log-likelihood: -288437.995
70. Current log-likelihood: -288437.981
71. Current log-likelihood: -288437.967
72. Current log-likelihood: -288437.956
73. Current log-likelihood: -288437.942
74. Current log-likelihood: -288437.932
75. Current log-likelihood: -288437.921
76. Current log-likelihood: -288437.907
77. Current log-likelihood: -288437.894
78. Current log-likelihood: -288437.880
79. Current log-likelihood: -288437.869
80. Current log-likelihood: -288437.859
81. Current log-likelihood: -288437.845
Optimal log-likelihood: -288437.834
State frequencies:  0: 0.895  1: 0.105
Site proportion and rates:  (0.162,0.545) (0.638,0.894) (0.200,1.707)
Parameters optimization took 81 rounds (40.041 sec)
BEST SCORE FOUND : -288437.834
Creating bootstrap support values...
Split supports printed to NEXUS file binary_mat.phy.splits.nex
Total tree length: 3.591

Total number of iterations: 127
CPU time used for tree search: 1249.614 sec (0h:20m:49s)
Wall-clock time used for tree search: 252.748 sec (0h:4m:12s)
Total CPU time used: 1445.464 sec (0h:24m:5s)
Total wall-clock time used: 294.802 sec (0h:4m:54s)

Computing bootstrap consensus tree...
Reading input file binary_mat.phy.splits.nex...
43 taxa and 129 splits.
Consensus tree written to binary_mat.phy.contree
Reading input trees file binary_mat.phy.contree
Log-likelihood of consensus tree: -288437.834

Analysis results written to: 
  IQ-TREE report:                binary_mat.phy.iqtree
  Maximum-likelihood tree:       binary_mat.phy.treefile
  Likelihood distances:          binary_mat.phy.mldist

Ultrafast bootstrap approximation results written to:
  Split support values:          binary_mat.phy.splits.nex
  Consensus tree:                binary_mat.phy.contree
  Screen log file:               binary_mat.phy.log

Date and Time: Tue Feb  8 07:22:02 2022
